<?xml version="1.0" encoding="UTF-8"?>
<!-- Generated by org.testng.reporters.JUnitXMLReporter -->
<testsuite ignored="0" hostname="DAZZLER" failures="1" tests="1" name="EdgeTest" time="106.127" errors="0" timestamp="2023-05-08T11:43:17 IST">
  <testcase classname="Automation.Test_Script.Create_Customer" name="Create_Customer" time="0.0">
    <failure type="org.testng.TestNGException" message="
Cannot inject @Test annotated Method [Create_Customer] with [class java.lang.String].
For more information on native dependency injection please refer to https://testng.org/doc/documentation-main.html#native-dependency-injection">
      <![CDATA[org.testng.TestNGException: 
Cannot inject @Test annotated Method [Create_Customer] with [class java.lang.String].
For more information on native dependency injection please refer to https://testng.org/doc/documentation-main.html#native-dependency-injection
at java.base/java.util.ArrayList.forEach(ArrayList.java:1511)
... Removed 26 stack frames]]>
    </failure>
  </testcase> <!-- Create_Customer -->
</testsuite> <!-- EdgeTest -->
